<?xml version="1.0" encoding="UTF-8"?>
<testExecutions version="1">
  <file path="/Users/a126ly/DEV_OYO/react-starter/src/pages/ServerError/ServerError.spec.js">
    <testCase name="1. Renders ServerError component without crashing" duration="8"/>
  </file>
  <file path="/Users/a126ly/DEV_OYO/react-starter/src/components/Titlebar/Titlebar.spec.js">
    <testCase name="1. Renders Titlebar component without crashing" duration="10"/>
  </file>
  <file path="/Users/a126ly/DEV_OYO/react-starter/src/pages/Home/Home.spec.js">
    <testCase name="1. Renders Home component without crashing" duration="8"/>
  </file>
  <file path="/Users/a126ly/DEV_OYO/react-starter/src/pages/NotFound/NotFound.spec.js">
    <testCase name="1. Renders NotFound component without crashing" duration="1"/>
  </file>
  <file path="/Users/a126ly/DEV_OYO/react-starter/src/layout/App/App.test.js">
    <testCase name="renders without crashing" duration="106"/>
  </file>
</testExecutions>